<?xml version="1.0" encoding="UTF-8"?>
<!-- Generated by org.testng.reporters.JUnitReportReporter -->
<testsuite skipped="0" hostname="DESKTOP-TFADDNR" name="DollarDaysTest" tests="1" failures="0" timestamp="2020-10-18T15:25:52 PDT" time="5.889" errors="0">
  <testcase name="f" time="5.889" classname="DollarDaysTest"/>
  <system-out/>
</testsuite> <!-- DollarDaysTest -->
